C:\USERS\DENNIS GAMING\DESKTOP\EAMOD2015\VCPROJ-10\MAP-SERVER_SQL\RELEASE\ACHIEVEMENT.OBJ
C:\USERS\DENNIS GAMING\DESKTOP\EAMOD2015\VCPROJ-10\MAP-SERVER_SQL\RELEASE\ATCOMMAND.OBJ
C:\USERS\DENNIS GAMING\DESKTOP\EAMOD2015\VCPROJ-10\MAP-SERVER_SQL\RELEASE\BATTLE.OBJ
C:\USERS\DENNIS GAMING\DESKTOP\EAMOD2015\VCPROJ-10\MAP-SERVER_SQL\RELEASE\BATTLEGROUND.OBJ
C:\USERS\DENNIS GAMING\DESKTOP\EAMOD2015\VCPROJ-10\MAP-SERVER_SQL\RELEASE\BUYINGSTORE.OBJ
C:\USERS\DENNIS GAMING\DESKTOP\EAMOD2015\VCPROJ-10\MAP-SERVER_SQL\RELEASE\CHANNEL.OBJ
C:\USERS\DENNIS GAMING\DESKTOP\EAMOD2015\VCPROJ-10\MAP-SERVER_SQL\RELEASE\CHAT.OBJ
C:\USERS\DENNIS GAMING\DESKTOP\EAMOD2015\VCPROJ-10\MAP-SERVER_SQL\RELEASE\CHRIF.OBJ
C:\Users\Dennis Gaming\Desktop\eamod2015\vcproj-10\map-server_sql\Release\CL.2160.read.1.tlog
C:\Users\Dennis Gaming\Desktop\eamod2015\vcproj-10\map-server_sql\Release\CL.2160.write.1.tlog
C:\Users\Dennis Gaming\Desktop\eamod2015\vcproj-10\map-server_sql\Release\CL.6748.read.1.tlog
C:\Users\Dennis Gaming\Desktop\eamod2015\vcproj-10\map-server_sql\Release\CL.6748.write.1.tlog
C:\Users\Dennis Gaming\Desktop\eamod2015\vcproj-10\map-server_sql\Release\CL.9332.read.1.tlog
C:\Users\Dennis Gaming\Desktop\eamod2015\vcproj-10\map-server_sql\Release\CL.9332.write.1.tlog
C:\Users\Dennis Gaming\Desktop\eamod2015\vcproj-10\map-server_sql\Release\CL.9368.read.1.tlog
C:\Users\Dennis Gaming\Desktop\eamod2015\vcproj-10\map-server_sql\Release\CL.9368.write.1.tlog
C:\Users\Dennis Gaming\Desktop\eamod2015\vcproj-10\map-server_sql\Release\cl.command.1.tlog
C:\Users\Dennis Gaming\Desktop\eamod2015\vcproj-10\map-server_sql\Release\CL.read.1.tlog
C:\Users\Dennis Gaming\Desktop\eamod2015\vcproj-10\map-server_sql\Release\cl.write.1.tlog
C:\USERS\DENNIS GAMING\DESKTOP\EAMOD2015\VCPROJ-10\MAP-SERVER_SQL\RELEASE\DATE.OBJ
C:\USERS\DENNIS GAMING\DESKTOP\EAMOD2015\VCPROJ-10\MAP-SERVER_SQL\RELEASE\DUEL.OBJ
C:\USERS\DENNIS GAMING\DESKTOP\EAMOD2015\VCPROJ-10\MAP-SERVER_SQL\RELEASE\FACTION.OBJ
C:\USERS\DENNIS GAMING\DESKTOP\EAMOD2015\VCPROJ-10\MAP-SERVER_SQL\RELEASE\GUILD.OBJ
C:\USERS\DENNIS GAMING\DESKTOP\EAMOD2015\VCPROJ-10\MAP-SERVER_SQL\RELEASE\GUILD_CASTLE.OBJ
C:\USERS\DENNIS GAMING\DESKTOP\EAMOD2015\VCPROJ-10\MAP-SERVER_SQL\RELEASE\GUILD_EXPCACHE.OBJ
C:\USERS\DENNIS GAMING\DESKTOP\EAMOD2015\VCPROJ-10\MAP-SERVER_SQL\RELEASE\HOMUNCULUS.OBJ
C:\USERS\DENNIS GAMING\DESKTOP\EAMOD2015\VCPROJ-10\MAP-SERVER_SQL\RELEASE\INSTANCE.OBJ
C:\USERS\DENNIS GAMING\DESKTOP\EAMOD2015\VCPROJ-10\MAP-SERVER_SQL\RELEASE\INTIF.OBJ
C:\USERS\DENNIS GAMING\DESKTOP\EAMOD2015\VCPROJ-10\MAP-SERVER_SQL\RELEASE\ITEMDB.OBJ
C:\USERS\DENNIS GAMING\DESKTOP\EAMOD2015\VCPROJ-10\MAP-SERVER_SQL\RELEASE\LOG.OBJ
C:\USERS\DENNIS GAMING\DESKTOP\EAMOD2015\VCPROJ-10\MAP-SERVER_SQL\RELEASE\MAIL.OBJ
C:\USERS\DENNIS GAMING\DESKTOP\EAMOD2015\VCPROJ-10\MAP-SERVER_SQL\RELEASE\MAP.OBJ
C:\USERS\DENNIS GAMING\DESKTOP\EAMOD2015\VCPROJ-10\MAP-SERVER_SQL\RELEASE\MAPREG_SQL.OBJ
C:\Users\Dennis Gaming\Desktop\eamod2015\vcproj-10\map-server_sql\Release\map-server_sql.write.1.tlog
C:\USERS\DENNIS GAMING\DESKTOP\EAMOD2015\VCPROJ-10\MAP-SERVER_SQL\RELEASE\MERCENARY.OBJ
C:\USERS\DENNIS GAMING\DESKTOP\EAMOD2015\VCPROJ-10\MAP-SERVER_SQL\RELEASE\MOB.OBJ
C:\USERS\DENNIS GAMING\DESKTOP\EAMOD2015\VCPROJ-10\MAP-SERVER_SQL\RELEASE\NPC.OBJ
C:\USERS\DENNIS GAMING\DESKTOP\EAMOD2015\VCPROJ-10\MAP-SERVER_SQL\RELEASE\NPC_CHAT.OBJ
C:\USERS\DENNIS GAMING\DESKTOP\EAMOD2015\VCPROJ-10\MAP-SERVER_SQL\RELEASE\PARTY.OBJ
C:\USERS\DENNIS GAMING\DESKTOP\EAMOD2015\VCPROJ-10\MAP-SERVER_SQL\RELEASE\PATH.OBJ
C:\USERS\DENNIS GAMING\DESKTOP\EAMOD2015\VCPROJ-10\MAP-SERVER_SQL\RELEASE\PC.OBJ
C:\USERS\DENNIS GAMING\DESKTOP\EAMOD2015\VCPROJ-10\MAP-SERVER_SQL\RELEASE\PET.OBJ
C:\USERS\DENNIS GAMING\DESKTOP\EAMOD2015\VCPROJ-10\MAP-SERVER_SQL\RELEASE\QUEST.OBJ
C:\USERS\DENNIS GAMING\DESKTOP\EAMOD2015\VCPROJ-10\MAP-SERVER_SQL\RELEASE\REGION.OBJ
C:\USERS\DENNIS GAMING\DESKTOP\EAMOD2015\VCPROJ-10\MAP-SERVER_SQL\RELEASE\SCRIPT.OBJ
C:\USERS\DENNIS GAMING\DESKTOP\EAMOD2015\VCPROJ-10\MAP-SERVER_SQL\RELEASE\SEARCHSTORE.OBJ
C:\USERS\DENNIS GAMING\DESKTOP\EAMOD2015\VCPROJ-10\MAP-SERVER_SQL\RELEASE\SKILL.OBJ
C:\USERS\DENNIS GAMING\DESKTOP\EAMOD2015\VCPROJ-10\MAP-SERVER_SQL\RELEASE\STATUS.OBJ
C:\USERS\DENNIS GAMING\DESKTOP\EAMOD2015\VCPROJ-10\MAP-SERVER_SQL\RELEASE\STORAGE.OBJ
C:\USERS\DENNIS GAMING\DESKTOP\EAMOD2015\VCPROJ-10\MAP-SERVER_SQL\RELEASE\TRADE.OBJ
C:\USERS\DENNIS GAMING\DESKTOP\EAMOD2015\VCPROJ-10\MAP-SERVER_SQL\RELEASE\UNIT.OBJ
C:\Users\Dennis Gaming\Desktop\eamod2015\vcproj-10\map-server_sql\Release\vc100.pdb
C:\USERS\DENNIS GAMING\DESKTOP\EAMOD2015\VCPROJ-10\MAP-SERVER_SQL\RELEASE\VENDING.OBJ
