..\char-server_sql.pdb
C:\USERS\DENNIS GAMING\DESKTOP\EAMOD2015\CHAR-SERVER_SQL.EXE
C:\USERS\DENNIS GAMING\DESKTOP\EAMOD2015\CHAR-SERVER_SQL.PDB
C:\Users\Dennis Gaming\Desktop\eamod2015\vcproj-10\..\char-server_sql.exe
C:\Users\Dennis Gaming\Desktop\eamod2015\vcproj-10\char-server_sql\Release\char.obj
C:\USERS\DENNIS GAMING\DESKTOP\EAMOD2015\VCPROJ-10\CHAR-SERVER_SQL\RELEASE\CHAR-SERVER_SQL.EXE.INTERMEDIATE.MANIFEST
C:\Users\Dennis Gaming\Desktop\eamod2015\vcproj-10\char-server_sql\Release\char-server_sql.write.1.tlog
C:\Users\Dennis Gaming\Desktop\eamod2015\vcproj-10\char-server_sql\Release\CL.11964.read.1.tlog
C:\Users\Dennis Gaming\Desktop\eamod2015\vcproj-10\char-server_sql\Release\CL.11964.write.1.tlog
C:\Users\Dennis Gaming\Desktop\eamod2015\vcproj-10\char-server_sql\Release\CL.12012.read.1.tlog
C:\Users\Dennis Gaming\Desktop\eamod2015\vcproj-10\char-server_sql\Release\CL.12012.write.1.tlog
C:\Users\Dennis Gaming\Desktop\eamod2015\vcproj-10\char-server_sql\Release\CL.1256.read.1.tlog
C:\Users\Dennis Gaming\Desktop\eamod2015\vcproj-10\char-server_sql\Release\CL.1256.write.1.tlog
C:\Users\Dennis Gaming\Desktop\eamod2015\vcproj-10\char-server_sql\Release\CL.9904.read.1.tlog
C:\Users\Dennis Gaming\Desktop\eamod2015\vcproj-10\char-server_sql\Release\CL.9904.write.1.tlog
C:\Users\Dennis Gaming\Desktop\eamod2015\vcproj-10\char-server_sql\Release\cl.command.1.tlog
C:\Users\Dennis Gaming\Desktop\eamod2015\vcproj-10\char-server_sql\Release\CL.read.1.tlog
C:\Users\Dennis Gaming\Desktop\eamod2015\vcproj-10\char-server_sql\Release\cl.write.1.tlog
C:\Users\Dennis Gaming\Desktop\eamod2015\vcproj-10\char-server_sql\Release\int_achievement.obj
C:\Users\Dennis Gaming\Desktop\eamod2015\vcproj-10\char-server_sql\Release\int_auction.obj
C:\Users\Dennis Gaming\Desktop\eamod2015\vcproj-10\char-server_sql\Release\int_guild.obj
C:\Users\Dennis Gaming\Desktop\eamod2015\vcproj-10\char-server_sql\Release\int_homun.obj
C:\Users\Dennis Gaming\Desktop\eamod2015\vcproj-10\char-server_sql\Release\int_mail.obj
C:\Users\Dennis Gaming\Desktop\eamod2015\vcproj-10\char-server_sql\Release\int_mercenary.obj
C:\Users\Dennis Gaming\Desktop\eamod2015\vcproj-10\char-server_sql\Release\int_party.obj
C:\Users\Dennis Gaming\Desktop\eamod2015\vcproj-10\char-server_sql\Release\int_pet.obj
C:\Users\Dennis Gaming\Desktop\eamod2015\vcproj-10\char-server_sql\Release\int_quest.obj
C:\Users\Dennis Gaming\Desktop\eamod2015\vcproj-10\char-server_sql\Release\int_storage.obj
C:\Users\Dennis Gaming\Desktop\eamod2015\vcproj-10\char-server_sql\Release\inter.obj
C:\Users\Dennis Gaming\Desktop\eamod2015\vcproj-10\char-server_sql\Release\link.command.1.tlog
C:\Users\Dennis Gaming\Desktop\eamod2015\vcproj-10\char-server_sql\Release\link.read.1.tlog
C:\Users\Dennis Gaming\Desktop\eamod2015\vcproj-10\char-server_sql\Release\link.write.1.tlog
C:\Users\Dennis Gaming\Desktop\eamod2015\vcproj-10\char-server_sql\Release\mt.command.1.tlog
C:\Users\Dennis Gaming\Desktop\eamod2015\vcproj-10\char-server_sql\Release\mt.read.1.tlog
C:\Users\Dennis Gaming\Desktop\eamod2015\vcproj-10\char-server_sql\Release\mt.write.1.tlog
C:\USERS\DENNIS GAMING\DESKTOP\EAMOD2015\VCPROJ-10\CHAR-SERVER_SQL\RELEASE\VC100.PDB
