C:\Users\Dennis Gaming\Desktop\eAthena\vcproj-10\common\Release\CL.10524.read.1.tlog
C:\Users\Dennis Gaming\Desktop\eAthena\vcproj-10\common\Release\CL.10524.write.1.tlog
C:\Users\Dennis Gaming\Desktop\eAthena\vcproj-10\common\Release\CL.1616.read.1.tlog
C:\Users\Dennis Gaming\Desktop\eAthena\vcproj-10\common\Release\CL.1616.write.1.tlog
C:\Users\Dennis Gaming\Desktop\eAthena\vcproj-10\common\Release\CL.6564.read.1.tlog
C:\Users\Dennis Gaming\Desktop\eAthena\vcproj-10\common\Release\CL.6564.write.1.tlog
C:\Users\Dennis Gaming\Desktop\eAthena\vcproj-10\common\Release\CL.8128.read.1.tlog
C:\Users\Dennis Gaming\Desktop\eAthena\vcproj-10\common\Release\CL.8128.write.1.tlog
C:\Users\Dennis Gaming\Desktop\eAthena\vcproj-10\common\Release\cl.command.1.tlog
C:\Users\Dennis Gaming\Desktop\eAthena\vcproj-10\common\Release\CL.read.1.tlog
C:\Users\Dennis Gaming\Desktop\eAthena\vcproj-10\common\Release\cl.write.1.tlog
C:\USERS\DENNIS GAMING\DESKTOP\EATHENA\VCPROJ-10\COMMON\RELEASE\COMMON.LIB
C:\Users\Dennis Gaming\Desktop\eAthena\vcproj-10\common\Release\common.write.1.tlog
C:\Users\Dennis Gaming\Desktop\eAthena\vcproj-10\common\Release\core.obj
C:\Users\Dennis Gaming\Desktop\eAthena\vcproj-10\common\Release\db.obj
C:\Users\Dennis Gaming\Desktop\eAthena\vcproj-10\common\Release\des.obj
C:\Users\Dennis Gaming\Desktop\eAthena\vcproj-10\common\Release\ers.obj
C:\Users\Dennis Gaming\Desktop\eAthena\vcproj-10\common\Release\grfio.obj
C:\Users\Dennis Gaming\Desktop\eAthena\vcproj-10\common\Release\lib.command.1.tlog
C:\Users\Dennis Gaming\Desktop\eAthena\vcproj-10\common\Release\Lib-link.read.1.tlog
C:\Users\Dennis Gaming\Desktop\eAthena\vcproj-10\common\Release\Lib-link.write.1.tlog
C:\Users\Dennis Gaming\Desktop\eAthena\vcproj-10\common\Release\lock.obj
C:\Users\Dennis Gaming\Desktop\eAthena\vcproj-10\common\Release\malloc.obj
C:\Users\Dennis Gaming\Desktop\eAthena\vcproj-10\common\Release\mapindex.obj
C:\Users\Dennis Gaming\Desktop\eAthena\vcproj-10\common\Release\md5calc.obj
C:\Users\Dennis Gaming\Desktop\eAthena\vcproj-10\common\Release\mt19937ar.obj
C:\Users\Dennis Gaming\Desktop\eAthena\vcproj-10\common\Release\nullpo.obj
C:\Users\Dennis Gaming\Desktop\eAthena\vcproj-10\common\Release\plugins.obj
C:\Users\Dennis Gaming\Desktop\eAthena\vcproj-10\common\Release\random.obj
C:\Users\Dennis Gaming\Desktop\eAthena\vcproj-10\common\Release\showmsg.obj
C:\Users\Dennis Gaming\Desktop\eAthena\vcproj-10\common\Release\socket.obj
C:\Users\Dennis Gaming\Desktop\eAthena\vcproj-10\common\Release\strlib.obj
C:\Users\Dennis Gaming\Desktop\eAthena\vcproj-10\common\Release\timer.obj
C:\Users\Dennis Gaming\Desktop\eAthena\vcproj-10\common\Release\utils.obj
C:\USERS\DENNIS GAMING\DESKTOP\EATHENA\VCPROJ-10\COMMON\RELEASE\VC100.PDB
