..\login-server_sql.pdb
C:\USERS\DENNIS GAMING\DESKTOP\EAMOD2015\LOGIN-SERVER_SQL.EXE
C:\USERS\DENNIS GAMING\DESKTOP\EAMOD2015\LOGIN-SERVER_SQL.PDB
C:\Users\Dennis Gaming\Desktop\eamod2015\vcproj-10\..\login-server_sql.exe
C:\Users\Dennis Gaming\Desktop\eamod2015\vcproj-10\login-server_sql\Release\account_sql.obj
C:\Users\Dennis Gaming\Desktop\eamod2015\vcproj-10\login-server_sql\Release\CL.10916.read.1.tlog
C:\Users\Dennis Gaming\Desktop\eamod2015\vcproj-10\login-server_sql\Release\CL.10916.write.1.tlog
C:\Users\Dennis Gaming\Desktop\eamod2015\vcproj-10\login-server_sql\Release\CL.10976.read.1.tlog
C:\Users\Dennis Gaming\Desktop\eamod2015\vcproj-10\login-server_sql\Release\CL.10976.write.1.tlog
C:\Users\Dennis Gaming\Desktop\eamod2015\vcproj-10\login-server_sql\Release\CL.2352.read.1.tlog
C:\Users\Dennis Gaming\Desktop\eamod2015\vcproj-10\login-server_sql\Release\CL.2352.write.1.tlog
C:\Users\Dennis Gaming\Desktop\eamod2015\vcproj-10\login-server_sql\Release\CL.4664.read.1.tlog
C:\Users\Dennis Gaming\Desktop\eamod2015\vcproj-10\login-server_sql\Release\CL.4664.write.1.tlog
C:\Users\Dennis Gaming\Desktop\eamod2015\vcproj-10\login-server_sql\Release\cl.command.1.tlog
C:\Users\Dennis Gaming\Desktop\eamod2015\vcproj-10\login-server_sql\Release\CL.read.1.tlog
C:\Users\Dennis Gaming\Desktop\eamod2015\vcproj-10\login-server_sql\Release\cl.write.1.tlog
C:\Users\Dennis Gaming\Desktop\eamod2015\vcproj-10\login-server_sql\Release\ipban_sql.obj
C:\Users\Dennis Gaming\Desktop\eamod2015\vcproj-10\login-server_sql\Release\link.command.1.tlog
C:\Users\Dennis Gaming\Desktop\eamod2015\vcproj-10\login-server_sql\Release\link.read.1.tlog
C:\Users\Dennis Gaming\Desktop\eamod2015\vcproj-10\login-server_sql\Release\link.write.1.tlog
C:\Users\Dennis Gaming\Desktop\eamod2015\vcproj-10\login-server_sql\Release\login.obj
C:\Users\Dennis Gaming\Desktop\eamod2015\vcproj-10\login-server_sql\Release\loginlog_sql.obj
C:\USERS\DENNIS GAMING\DESKTOP\EAMOD2015\VCPROJ-10\LOGIN-SERVER_SQL\RELEASE\LOGIN-SERVER_SQL.EXE.INTERMEDIATE.MANIFEST
C:\Users\Dennis Gaming\Desktop\eamod2015\vcproj-10\login-server_sql\Release\login-server_sql.write.1.tlog
C:\Users\Dennis Gaming\Desktop\eamod2015\vcproj-10\login-server_sql\Release\mt.command.1.tlog
C:\Users\Dennis Gaming\Desktop\eamod2015\vcproj-10\login-server_sql\Release\mt.read.1.tlog
C:\Users\Dennis Gaming\Desktop\eamod2015\vcproj-10\login-server_sql\Release\mt.write.1.tlog
C:\USERS\DENNIS GAMING\DESKTOP\EAMOD2015\VCPROJ-10\LOGIN-SERVER_SQL\RELEASE\VC100.PDB
